<?xml version="1.0" encoding="UTF-8"?>
<robot generator="Robot 5.0.1 (Python 3.10.5 on win32)" generated="20220726 09:21:49.777" rpa="false" schemaversion="3">
<suite id="s1" name="Popupshandle" source="C:\Users\00005582\PycharmProjects\RobotFramework\testscripts\popupshandle.robot">
<test id="s1-t1" name="Click_on_JS_Alert" line="20">
<kw name="Setup" library="common" type="SETUP">
<kw name="Open Browser" library="SeleniumLibrary">
<arg>${appurl}</arg>
<arg>${browser}</arg>
<doc>Opens a new browser instance to the optional ``url``.</doc>
<msg timestamp="20220726 09:21:50.072" level="INFO">Opening browser 'chrome' to base url 'https://the-internet.herokuapp.com/javascript_alerts'.</msg>
<status status="PASS" starttime="20220726 09:21:50.071" endtime="20220726 09:21:56.091"/>
</kw>
<kw name="Maximize Browser Window" library="SeleniumLibrary">
<doc>Maximizes current browser window.</doc>
<status status="PASS" starttime="20220726 09:21:56.091" endtime="20220726 09:21:56.216"/>
</kw>
<status status="PASS" starttime="20220726 09:21:50.071" endtime="20220726 09:21:56.217"/>
</kw>
<kw name="Click Button" library="SeleniumLibrary">
<arg>${javaScriptAlertbtn}</arg>
<doc>Clicks the button identified by ``locator``.</doc>
<msg timestamp="20220726 09:21:56.219" level="INFO">Clicking button '//button[text()='Click for JS Alert']'.</msg>
<status status="PASS" starttime="20220726 09:21:56.218" endtime="20220726 09:21:56.302"/>
</kw>
<kw name="Sleep" library="BuiltIn">
<arg>1</arg>
<doc>Pauses the test executed for the given time.</doc>
<msg timestamp="20220726 09:21:57.303" level="INFO">Slept 1 second</msg>
<status status="PASS" starttime="20220726 09:21:56.302" endtime="20220726 09:21:57.303"/>
</kw>
<kw name="Handle Alert" library="SeleniumLibrary">
<var>${pop_up_text}</var>
<doc>Handles the current alert and returns its message.</doc>
<msg timestamp="20220726 09:21:57.305" level="INFO">HANDLE::&lt;class 'NoneType'&gt;::None</msg>
<msg timestamp="20220726 09:21:57.315" level="INFO">${pop_up_text} = I am a JS Alert</msg>
<status status="PASS" starttime="20220726 09:21:57.304" endtime="20220726 09:21:57.315"/>
</kw>
<kw name="Log To Console" library="BuiltIn">
<arg>${pop_up_text}</arg>
<doc>Logs the given message to the console.</doc>
<status status="PASS" starttime="20220726 09:21:57.316" endtime="20220726 09:21:57.317"/>
</kw>
<kw name="Element Text Should Be" library="SeleniumLibrary">
<arg>result</arg>
<arg>You successfully clicked an alert</arg>
<doc>Verifies that element ``locator`` contains exact the text ``expected``.</doc>
<msg timestamp="20220726 09:21:57.318" level="INFO">Verifying element 'result' contains exact text 'You successfully clicked an alert'.</msg>
<status status="PASS" starttime="20220726 09:21:57.317" endtime="20220726 09:21:57.369"/>
</kw>
<kw name="Sleep" library="BuiltIn">
<arg>1</arg>
<doc>Pauses the test executed for the given time.</doc>
<msg timestamp="20220726 09:21:58.377" level="INFO">Slept 1 second</msg>
<status status="PASS" starttime="20220726 09:21:57.369" endtime="20220726 09:21:58.377"/>
</kw>
<kw name="Teardown" library="common" type="TEARDOWN">
<kw name="Close All Browsers" library="SeleniumLibrary">
<doc>Closes all open browsers and resets the browser cache.</doc>
<status status="PASS" starttime="20220726 09:21:58.378" endtime="20220726 09:22:00.564"/>
</kw>
<status status="PASS" starttime="20220726 09:21:58.378" endtime="20220726 09:22:00.564"/>
</kw>
<status status="PASS" starttime="20220726 09:21:50.070" endtime="20220726 09:22:00.564"/>
</test>
<test id="s1-t2" name="Click_on_JS_Confirm" line="34">
<kw name="Setup" library="common" type="SETUP">
<kw name="Open Browser" library="SeleniumLibrary">
<arg>${appurl}</arg>
<arg>${browser}</arg>
<doc>Opens a new browser instance to the optional ``url``.</doc>
<msg timestamp="20220726 09:22:00.566" level="INFO">Opening browser 'chrome' to base url 'https://the-internet.herokuapp.com/javascript_alerts'.</msg>
<status status="PASS" starttime="20220726 09:22:00.566" endtime="20220726 09:22:08.326"/>
</kw>
<kw name="Maximize Browser Window" library="SeleniumLibrary">
<doc>Maximizes current browser window.</doc>
<status status="PASS" starttime="20220726 09:22:08.326" endtime="20220726 09:22:08.448"/>
</kw>
<status status="PASS" starttime="20220726 09:22:00.566" endtime="20220726 09:22:08.448"/>
</kw>
<kw name="Click Button" library="SeleniumLibrary">
<arg>${clickforJSConfirm}</arg>
<doc>Clicks the button identified by ``locator``.</doc>
<msg timestamp="20220726 09:22:08.449" level="INFO">Clicking button '//button[text()='Click for JS Confirm']'.</msg>
<status status="PASS" starttime="20220726 09:22:08.449" endtime="20220726 09:22:08.503"/>
</kw>
<kw name="Sleep" library="BuiltIn">
<arg>1</arg>
<doc>Pauses the test executed for the given time.</doc>
<msg timestamp="20220726 09:22:09.506" level="INFO">Slept 1 second</msg>
<status status="PASS" starttime="20220726 09:22:08.504" endtime="20220726 09:22:09.506"/>
</kw>
<kw name="Handle Alert" library="SeleniumLibrary">
<var>${pop_up_text}</var>
<arg>action=ACCEPT</arg>
<doc>Handles the current alert and returns its message.</doc>
<msg timestamp="20220726 09:22:09.507" level="INFO">HANDLE::&lt;class 'NoneType'&gt;::None</msg>
<msg timestamp="20220726 09:22:09.513" level="INFO">${pop_up_text} = I am a JS Confirm</msg>
<status status="PASS" starttime="20220726 09:22:09.507" endtime="20220726 09:22:09.513"/>
</kw>
<kw name="Log To Console" library="BuiltIn">
<arg>${pop_up_text}</arg>
<doc>Logs the given message to the console.</doc>
<status status="PASS" starttime="20220726 09:22:09.513" endtime="20220726 09:22:09.514"/>
</kw>
<kw name="Element Text Should Be" library="SeleniumLibrary">
<arg>result</arg>
<arg>You clicked: Ok</arg>
<doc>Verifies that element ``locator`` contains exact the text ``expected``.</doc>
<msg timestamp="20220726 09:22:09.515" level="INFO">Verifying element 'result' contains exact text 'You clicked: Ok'.</msg>
<status status="PASS" starttime="20220726 09:22:09.514" endtime="20220726 09:22:09.567"/>
</kw>
<kw name="Sleep" library="BuiltIn">
<arg>1</arg>
<doc>Pauses the test executed for the given time.</doc>
<msg timestamp="20220726 09:22:10.569" level="INFO">Slept 1 second</msg>
<status status="PASS" starttime="20220726 09:22:09.568" endtime="20220726 09:22:10.569"/>
</kw>
<kw name="Click Button" library="SeleniumLibrary">
<arg>${clickforJSConfirm}</arg>
<doc>Clicks the button identified by ``locator``.</doc>
<msg timestamp="20220726 09:22:10.569" level="INFO">Clicking button '//button[text()='Click for JS Confirm']'.</msg>
<status status="PASS" starttime="20220726 09:22:10.569" endtime="20220726 09:22:10.603"/>
</kw>
<kw name="Sleep" library="BuiltIn">
<arg>1</arg>
<doc>Pauses the test executed for the given time.</doc>
<msg timestamp="20220726 09:22:11.610" level="INFO">Slept 1 second</msg>
<status status="PASS" starttime="20220726 09:22:10.603" endtime="20220726 09:22:11.610"/>
</kw>
<kw name="Handle Alert" library="SeleniumLibrary">
<var>${pop_up_text}</var>
<arg>action=DISMISS</arg>
<doc>Handles the current alert and returns its message.</doc>
<msg timestamp="20220726 09:22:11.611" level="INFO">HANDLE::&lt;class 'NoneType'&gt;::None</msg>
<msg timestamp="20220726 09:22:11.620" level="INFO">${pop_up_text} = I am a JS Confirm</msg>
<status status="PASS" starttime="20220726 09:22:11.611" endtime="20220726 09:22:11.620"/>
</kw>
<kw name="Log To Console" library="BuiltIn">
<arg>${pop_up_text}</arg>
<doc>Logs the given message to the console.</doc>
<status status="PASS" starttime="20220726 09:22:11.621" endtime="20220726 09:22:11.623"/>
</kw>
<kw name="Element Text Should Be" library="SeleniumLibrary">
<arg>result</arg>
<arg>You clicked: Cancel</arg>
<doc>Verifies that element ``locator`` contains exact the text ``expected``.</doc>
<msg timestamp="20220726 09:22:11.625" level="INFO">Verifying element 'result' contains exact text 'You clicked: Cancel'.</msg>
<status status="PASS" starttime="20220726 09:22:11.624" endtime="20220726 09:22:11.646"/>
</kw>
<kw name="Sleep" library="BuiltIn">
<arg>1</arg>
<doc>Pauses the test executed for the given time.</doc>
<msg timestamp="20220726 09:22:12.649" level="INFO">Slept 1 second</msg>
<status status="PASS" starttime="20220726 09:22:11.647" endtime="20220726 09:22:12.649"/>
</kw>
<kw name="Teardown" library="common" type="TEARDOWN">
<kw name="Close All Browsers" library="SeleniumLibrary">
<doc>Closes all open browsers and resets the browser cache.</doc>
<status status="PASS" starttime="20220726 09:22:12.652" endtime="20220726 09:22:14.856"/>
</kw>
<status status="PASS" starttime="20220726 09:22:12.651" endtime="20220726 09:22:14.856"/>
</kw>
<status status="PASS" starttime="20220726 09:22:00.565" endtime="20220726 09:22:14.857"/>
</test>
<test id="s1-t3" name="Click_on_JS_Prompt" line="58">
<kw name="Setup" library="common" type="SETUP">
<kw name="Open Browser" library="SeleniumLibrary">
<arg>${appurl}</arg>
<arg>${browser}</arg>
<doc>Opens a new browser instance to the optional ``url``.</doc>
<msg timestamp="20220726 09:22:14.859" level="INFO">Opening browser 'chrome' to base url 'https://the-internet.herokuapp.com/javascript_alerts'.</msg>
<status status="PASS" starttime="20220726 09:22:14.859" endtime="20220726 09:22:19.989"/>
</kw>
<kw name="Maximize Browser Window" library="SeleniumLibrary">
<doc>Maximizes current browser window.</doc>
<status status="PASS" starttime="20220726 09:22:19.989" endtime="20220726 09:22:20.121"/>
</kw>
<status status="PASS" starttime="20220726 09:22:14.859" endtime="20220726 09:22:20.122"/>
</kw>
<kw name="Click Button" library="SeleniumLibrary">
<arg>${clickforJSPrompt}</arg>
<doc>Clicks the button identified by ``locator``.</doc>
<msg timestamp="20220726 09:22:20.123" level="INFO">Clicking button '//button[text()='Click for JS Prompt']'.</msg>
<status status="PASS" starttime="20220726 09:22:20.122" endtime="20220726 09:22:20.176"/>
</kw>
<kw name="Sleep" library="BuiltIn">
<arg>1</arg>
<doc>Pauses the test executed for the given time.</doc>
<msg timestamp="20220726 09:22:21.189" level="INFO">Slept 1 second</msg>
<status status="PASS" starttime="20220726 09:22:20.176" endtime="20220726 09:22:21.190"/>
</kw>
<kw name="Handle Alert" library="SeleniumLibrary">
<var>${pop_up_text}</var>
<arg>action=DISMISS</arg>
<doc>Handles the current alert and returns its message.</doc>
<msg timestamp="20220726 09:22:21.190" level="INFO">HANDLE::&lt;class 'NoneType'&gt;::None</msg>
<msg timestamp="20220726 09:22:21.196" level="INFO">${pop_up_text} = I am a JS prompt</msg>
<status status="PASS" starttime="20220726 09:22:21.190" endtime="20220726 09:22:21.196"/>
</kw>
<kw name="Log To Console" library="BuiltIn">
<arg>${pop_up_text}</arg>
<doc>Logs the given message to the console.</doc>
<status status="PASS" starttime="20220726 09:22:21.196" endtime="20220726 09:22:21.197"/>
</kw>
<kw name="Element Text Should Be" library="SeleniumLibrary">
<arg>result</arg>
<arg>You entered: null</arg>
<doc>Verifies that element ``locator`` contains exact the text ``expected``.</doc>
<msg timestamp="20220726 09:22:21.197" level="INFO">Verifying element 'result' contains exact text 'You entered: null'.</msg>
<status status="PASS" starttime="20220726 09:22:21.197" endtime="20220726 09:22:21.225"/>
</kw>
<kw name="Sleep" library="BuiltIn">
<arg>1</arg>
<doc>Pauses the test executed for the given time.</doc>
<msg timestamp="20220726 09:22:22.237" level="INFO">Slept 1 second</msg>
<status status="PASS" starttime="20220726 09:22:21.225" endtime="20220726 09:22:22.237"/>
</kw>
<kw name="Click Button" library="SeleniumLibrary">
<arg>${clickforJSPrompt}</arg>
<doc>Clicks the button identified by ``locator``.</doc>
<msg timestamp="20220726 09:22:22.238" level="INFO">Clicking button '//button[text()='Click for JS Prompt']'.</msg>
<status status="PASS" starttime="20220726 09:22:22.237" endtime="20220726 09:22:22.278"/>
</kw>
<kw name="Sleep" library="BuiltIn">
<arg>1</arg>
<doc>Pauses the test executed for the given time.</doc>
<msg timestamp="20220726 09:22:23.286" level="INFO">Slept 1 second</msg>
<status status="PASS" starttime="20220726 09:22:22.278" endtime="20220726 09:22:23.286"/>
</kw>
<kw name="Input Text Into Alert" library="SeleniumLibrary">
<arg>My name is Chinmayee</arg>
<arg>action=ACCEPT</arg>
<doc>Types the given ``text`` into an input field in an alert.</doc>
<status status="PASS" starttime="20220726 09:22:23.287" endtime="20220726 09:22:23.293"/>
</kw>
<kw name="Sleep" library="BuiltIn">
<arg>1</arg>
<doc>Pauses the test executed for the given time.</doc>
<msg timestamp="20220726 09:22:24.298" level="INFO">Slept 1 second</msg>
<status status="PASS" starttime="20220726 09:22:23.294" endtime="20220726 09:22:24.298"/>
</kw>
<kw name="Element Text Should Be" library="SeleniumLibrary">
<arg>result</arg>
<arg>You entered: My name is Chinmayee</arg>
<doc>Verifies that element ``locator`` contains exact the text ``expected``.</doc>
<msg timestamp="20220726 09:22:24.299" level="INFO">Verifying element 'result' contains exact text 'You entered: My name is Chinmayee'.</msg>
<status status="PASS" starttime="20220726 09:22:24.299" endtime="20220726 09:22:24.313"/>
</kw>
<kw name="Sleep" library="BuiltIn">
<arg>1</arg>
<doc>Pauses the test executed for the given time.</doc>
<msg timestamp="20220726 09:22:25.328" level="INFO">Slept 1 second</msg>
<status status="PASS" starttime="20220726 09:22:24.313" endtime="20220726 09:22:25.328"/>
</kw>
<kw name="Teardown" library="common" type="TEARDOWN">
<kw name="Close All Browsers" library="SeleniumLibrary">
<doc>Closes all open browsers and resets the browser cache.</doc>
<status status="PASS" starttime="20220726 09:22:25.329" endtime="20220726 09:22:27.485"/>
</kw>
<status status="PASS" starttime="20220726 09:22:25.329" endtime="20220726 09:22:27.485"/>
</kw>
<status status="PASS" starttime="20220726 09:22:14.858" endtime="20220726 09:22:27.485"/>
</test>
<status status="PASS" starttime="20220726 09:21:49.779" endtime="20220726 09:22:27.487"/>
</suite>
<statistics>
<total>
<stat pass="3" fail="0" skip="0">All Tests</stat>
</total>
<tag>
</tag>
<suite>
<stat pass="3" fail="0" skip="0" id="s1" name="Popupshandle">Popupshandle</stat>
</suite>
</statistics>
<errors>
</errors>
</robot>
